2025-01-10 16:25:00 | DEBUG | repo=course-sys-int-systems | action=commit
2025-01-19 20:26:00 | DEBUG | repo=course-sys-int-systems | action=commit
2025-08-11 10:50:00 | WARN | repo=course-sys-int-systems | action=test | passed=true
2025-04-19 09:23:00 | WARN | repo=course-sys-int-systems | action=commit
2025-08-19 12:40:00 | WARN | repo=course-sys-int-systems | action=pull
2025-11-10 07:12:00 | INFO | repo=course-sys-int-systems | action=commit
2025-02-22 12:25:00 | DEBUG | repo=course-sys-int-systems | action=commit
2025-09-18 11:05:00 | INFO | repo=course-sys-int-systems | action=edit | files=4
2025-05-16 16:36:00 | DEBUG | repo=course-sys-int-systems | action=edit | files=5
2025-09-14 16:14:00 | INFO | repo=course-sys-int-systems | action=edit | files=3
2025-04-04 20:35:00 | DEBUG | repo=course-sys-int-systems | action=commit
2025-04-01 17:36:00 | DEBUG | repo=course-sys-int-systems | action=commit
2025-10-07 07:39:00 | WARN | repo=course-sys-int-systems | action=commit
2025-11-03 09:30:00 | INFO | repo=course-sys-int-systems | action=edit | files=4
2025-02-27 12:12:00 | INFO | repo=course-sys-int-systems | action=test | passed=true
2025-02-22 19:59:00 | DEBUG | repo=course-sys-int-systems | action=commit
2025-02-26 17:27:00 | WARN | repo=course-sys-int-systems | action=commit
2025-07-10 08:14:00 | INFO | repo=course-sys-int-systems | action=commit
2025-08-16 10:30:00 | DEBUG | repo=course-sys-int-systems | action=commit
2025-07-22 20:11:00 | INFO | repo=course-sys-int-systems | action=commit
2025-03-26 18:49:00 | WARN | repo=course-sys-int-systems | action=commit
2025-12-17 08:41:00 | WARN | repo=course-sys-int-systems | action=commit
2025-08-19 17:54:00 | WARN | repo=course-sys-int-systems | action=commit
2025-05-22 08:16:00 | INFO | repo=course-sys-int-systems | action=commit
2025-11-22 07:36:00 | DEBUG | repo=course-sys-int-systems | action=commit
2025-10-04 18:18:00 | WARN | repo=course-sys-int-systems | action=edit | files=5
2025-08-10 07:15:00 | INFO | repo=course-sys-int-systems | action=edit | files=5
2025-02-01 09:16:00 | INFO | repo=course-sys-int-systems | action=edit | files=1
2025-11-26 07:19:00 | DEBUG | repo=course-sys-int-systems | action=pull
2025-01-25 14:23:00 | DEBUG | repo=course-sys-int-systems | action=commit
2025-12-12 12:45:00 | WARN | repo=course-sys-int-systems | action=commit
2025-05-23 08:43:00 | DEBUG | repo=course-sys-int-systems | action=commit
2025-06-17 19:01:00 | WARN | repo=course-sys-int-systems | action=commit
2025-09-10 19:34:00 | DEBUG | repo=course-sys-int-systems | action=commit
2025-12-08 08:34:00 | INFO | repo=course-sys-int-systems | action=edit | files=2
2025-04-22 08:58:00 | INFO | repo=course-sys-int-systems | action=pull
2025-01-18 07:29:00 | INFO | repo=course-sys-int-systems | action=commit
2025-09-01 20:53:00 | WARN | repo=course-sys-int-systems | action=commit
2025-02-23 19:27:00 | WARN | repo=course-sys-int-systems | action=pull
2025-10-04 14:41:00 | DEBUG | repo=course-sys-int-systems | action=commit
2025-10-10 17:31:00 | DEBUG | repo=course-sys-int-systems | action=commit
2025-09-15 19:22:00 | DEBUG | repo=course-sys-int-systems | action=pull
2025-07-15 08:03:00 | WARN | repo=course-sys-int-systems | action=commit
2025-01-07 15:19:00 | WARN | repo=course-sys-int-systems | action=commit
2025-07-11 21:44:00 | WARN | repo=course-sys-int-systems | action=commit
2025-08-15 16:09:00 | DEBUG | repo=course-sys-int-systems | action=test | passed=true
2025-11-03 18:23:00 | WARN | repo=course-sys-int-systems | action=commit
2025-02-16 14:50:00 | DEBUG | repo=course-sys-int-systems | action=commit
2025-08-25 15:56:00 | DEBUG | repo=course-sys-int-systems | action=commit
2025-01-15 10:34:00 | INFO | repo=course-sys-int-systems | action=commit
2025-03-23 08:57:00 | INFO | repo=course-sys-int-systems | action=commit
2025-09-23 08:31:00 | INFO | repo=course-sys-int-systems | action=pull
2025-06-08 20:55:00 | DEBUG | repo=course-sys-int-systems | action=commit
2025-02-27 21:39:00 | INFO | repo=course-sys-int-systems | action=edit | files=4
2025-06-05 07:14:00 | WARN | repo=course-sys-int-systems | action=commit
2025-04-18 20:55:00 | WARN | repo=course-sys-int-systems | action=commit
2025-07-02 07:34:00 | DEBUG | repo=course-sys-int-systems | action=commit
2025-06-10 17:56:00 | WARN | repo=course-sys-int-systems | action=commit
2025-04-08 11:42:00 | DEBUG | repo=course-sys-int-systems | action=commit
2025-12-11 11:49:00 | DEBUG | repo=course-sys-int-systems | action=commit
